#
# A fatal error has been detected by the Java Runtime Environment:
#
#  SIGSEGV (0xb) at pc=0x00007f502d0d9b6e, pid=11600, tid=0x00007f505ccf4700
#
# JRE version: Java(TM) SE Runtime Environment (8.0_201-b09) (build 1.8.0_201-b09)
# Java VM: Java HotSpot(TM) 64-Bit Server VM (25.201-b09 mixed mode linux-amd64 compressed oops)
# Problematic frame:
# C  [libstdc++.so.6+0x138b6e]  std::__cxx11::basic_string<wchar_t, std::char_traits<wchar_t>, std::allocator<wchar_t> >::_M_assign(std::__cxx11::basic_string<wchar_t, std::char_traits<wchar_t>, std::allocator<wchar_t> > const&)+0x2e
#
# Failed to write core dump. Core dumps have been disabled. To enable core dumping, try "ulimit -c unlimited" before starting Java again
#
# If you would like to submit a bug report, please visit:
#   http://bugreport.java.com/bugreport/crash.jsp
# The crash happened outside the Java Virtual Machine in native code.
# See problematic frame for where to report the bug.
#

---------------  T H R E A D  ---------------

Current thread (0x00007f505400f800):  JavaThread "main" [_thread_in_native, id=11605, stack(0x00007f505cbf5000,0x00007f505ccf5000)]

siginfo: si_signo: 11 (SIGSEGV), si_code: 1 (SEGV_MAPERR), si_addr: 0x0000000000000031

Registers:
RAX=0x0000000000000000, RBX=0x00007f4fe15f2fe8, RCX=0x00007f4fe15f2fd0, RDX=0x0000000000000029
RSP=0x00007f505ccf34c0, RBP=0x00007f505ccf3520, RSI=0x0000000000000029, RDI=0x00007f4fe15f2fe8
R8 =0x0000000000000004, R9 =0x0000000000000005, R10=0x0000000000000012, R11=0x00007f502e063c88
R12=0x00007f4fe15f2ff8, R13=0x0000000000000029, R14=0x00007f4fe15f2ff8, R15=0x00007f505400f800
RIP=0x00007f502d0d9b6e, EFLAGS=0x0000000000010212, CSGSFS=0x002b000000000033, ERR=0x0000000000000004
  TRAPNO=0x000000000000000e

Top of Stack: (sp=0x00007f505ccf34c0)
0x00007f505ccf34c0:   00007f505ccf34e0 24a33ebe9a40ff00
0x00007f505ccf34d0:   00007f4fe15f2fe8 00007f505ccf3520
0x00007f505ccf34e0:   00007f4fe15f2fd0 0000000000000011
0x00007f505ccf34f0:   00007f505ccf37e0 00007f502d0d9f69
0x00007f505ccf3500:   00007f4fe15f2fd0 00007f502d9337cb
0x00007f505ccf3510:   0000000000000011 00007f4fe15f2fd0
0x00007f505ccf3520:   00007f505ccf3550 00007f502d93399c
0x00007f505ccf3530:   0000000000000011 00007f4fe15f2fd0
0x00007f505ccf3540:   00007f4fe15f2fd0 00007f4fe15f2fd0
0x00007f505ccf3550:   00007f505ccf35a0 00007f502e063cd4
0x00007f505ccf3560:   00007f5034775360 0000000000000011
0x00007f505ccf3570:   00007f4fe15f2fd0 00007f505ccf3710
0x00007f505ccf3580:   0000000000000001 00007f5034775360
0x00007f505ccf3590:   0000000000000000 00007f5034775360
0x00007f505ccf35a0:   00007f505ccf35d0 00007f502e0573c3
0x00007f505ccf35b0:   00007f505ccf35d0 0000000000000011
0x00007f505ccf35c0:   00007f4fe15f2fd0 00007f505ccf3710
0x00007f505ccf35d0:   00007f505ccf3640 00007f502e0574d8
0x00007f505ccf35e0:   00007f505ccf3600 0000000000000011
0x00007f505ccf35f0:   0000000000000000 00007f505ccf3710
0x00007f505ccf3600:   0000000000000000 00007f4fe15f2fd0
0x00007f505ccf3610:   0000000000000001 0000000000000000
0x00007f505ccf3620:   00007f4fe15f2fd0 24a33ebe9a40ff00
0x00007f505ccf3630:   00007f5034775360 0000000000000000
0x00007f505ccf3640:   00007f505ccf3660 00007f502e047f39
0x00007f505ccf3650:   0000000000000011 00007f505ccf3710
0x00007f505ccf3660:   00007f505ccf36b0 00007f502d939da7
0x00007f505ccf3670:   00007f4fe141a700 00007f505ccf3710
0x00007f505ccf3680:   00007f5034775360 0000000000000001
0x00007f505ccf3690:   00007f4fe141a700 24a33ebe9a40ff00
0x00007f505ccf36a0:   00007f5034775360 00007f5034775360
0x00007f505ccf36b0:   00007f505ccf3740 00007f502e0184b6 

Instructions: (pc=0x00007f502d0d9b6e)
0x00007f502d0d9b4e:   8b 04 25 28 00 00 00 48 89 44 24 08 31 c0 48 39
0x00007f502d0d9b5e:   f7 74 34 4c 8b 27 4c 8d 77 10 48 89 fb 49 89 f5
0x00007f502d0d9b6e:   48 8b 6e 08 4d 39 e6 0f 84 9d 00 00 00 48 8b 57
0x00007f502d0d9b7e:   10 48 39 ea 72 5c 48 85 ed 75 37 48 89 6b 08 41 

Register to memory mapping:

RAX=0x0000000000000000 is an unknown value
RBX=0x00007f4fe15f2fe8 is an unknown value
RCX=0x00007f4fe15f2fd0 is an unknown value
RDX=0x0000000000000029 is an unknown value
RSP=0x00007f505ccf34c0 is pointing into the stack for thread: 0x00007f505400f800
RBP=0x00007f505ccf3520 is pointing into the stack for thread: 0x00007f505400f800
RSI=0x0000000000000029 is an unknown value
RDI=0x00007f4fe15f2fe8 is an unknown value
R8 =0x0000000000000004 is an unknown value
R9 =0x0000000000000005 is an unknown value
R10=0x0000000000000012 is an unknown value
R11=0x00007f502e063c88: _ZN9__gnu_cxx13new_allocatorIN8freeling4wordEE9constructIS2_JRKS2_EEEvPT_DpOT0_+0 in /usr/local/share/freeling/APIs/java/libJfreeling.so at 0x00007f502df24000
R12=0x00007f4fe15f2ff8 is an unknown value
R13=0x0000000000000029 is an unknown value
R14=0x00007f4fe15f2ff8 is an unknown value
R15=0x00007f505400f800 is a thread


Stack: [0x00007f505cbf5000,0x00007f505ccf5000],  sp=0x00007f505ccf34c0,  free space=1017k
Native frames: (J=compiled Java code, j=interpreted, Vv=VM code, C=native code)
C  [libstdc++.so.6+0x138b6e]  std::__cxx11::basic_string<wchar_t, std::char_traits<wchar_t>, std::allocator<wchar_t> >::_M_assign(std::__cxx11::basic_string<wchar_t, std::char_traits<wchar_t>, std::allocator<wchar_t> > const&)+0x2e
C  [libfreeling.so+0x3e499c]  freeling::word::word(freeling::word const&)+0x94
C  [libJfreeling.so+0x13fcd4]  void __gnu_cxx::new_allocator<freeling::word>::construct<freeling::word, freeling::word const&>(freeling::word*, freeling::word const&)+0x4c
C  [libJfreeling.so+0x1333c3]  void std::allocator_traits<std::allocator<freeling::word> >::construct<freeling::word, freeling::word const&>(std::allocator<freeling::word>&, freeling::word*, freeling::word const&)+0x36
C  [libJfreeling.so+0x1334d8]  void std::vector<freeling::word, std::allocator<freeling::word> >::_M_realloc_insert<freeling::word const&>(__gnu_cxx::__normal_iterator<freeling::word*, std::vector<freeling::word, std::allocator<freeling::word> > >, freeling::word const&)+0xc6
C  [libJfreeling.so+0x123f39]  std::vector<freeling::word, std::allocator<freeling::word> >::push_back(freeling::word const&)+0x7b
C  [libfreeling.so+0x3eada7]  freeling::sentence::get_words() const+0x81
C  [libJfreeling.so+0xf44b6]  Java_edu_upc_Jfreeling_JfreelingJNI_Sentence_1getWords+0x64
j  edu.upc.Jfreeling.JfreelingJNI.Sentence_getWords(JLedu/upc/Jfreeling/Sentence;)J+0
j  edu.upc.Jfreeling.Sentence.getWords()Ledu/upc/Jfreeling/VectorWord;+9
j  edu.upf.taln.uima.freeling.Analyzer.main([Ljava/lang/String;)V+859
v  ~StubRoutines::call_stub
V  [libjvm.so+0x68825b]  JavaCalls::call_helper(JavaValue*, methodHandle*, JavaCallArguments*, Thread*)+0xddb
V  [libjvm.so+0x6d3211]  jni_invoke_static(JNIEnv_*, JavaValue*, _jobject*, JNICallType, _jmethodID*, JNI_ArgumentPusher*, Thread*) [clone .isra.96] [clone .constprop.117]+0x1e1
V  [libjvm.so+0x6d54db]  jni_CallStaticVoidMethod+0x15b
C  [libjli.so+0x889c]  JavaMain+0xa3c
C  [libpthread.so.0+0x76db]  start_thread+0xdb

Java frames: (J=compiled Java code, j=interpreted, Vv=VM code)
j  edu.upc.Jfreeling.JfreelingJNI.Sentence_getWords(JLedu/upc/Jfreeling/Sentence;)J+0
j  edu.upc.Jfreeling.Sentence.getWords()Ledu/upc/Jfreeling/VectorWord;+9
j  edu.upf.taln.uima.freeling.Analyzer.main([Ljava/lang/String;)V+859
v  ~StubRoutines::call_stub

---------------  P R O C E S S  ---------------

Java Threads: ( => current thread )
  0x00007f50540d6800 JavaThread "Service Thread" daemon [_thread_blocked, id=11619, stack(0x00007f502e3bc000,0x00007f502e4bd000)]
  0x00007f50540c3800 JavaThread "C1 CompilerThread2" daemon [_thread_blocked, id=11618, stack(0x00007f502e4be000,0x00007f502e5be000)]
  0x00007f50540c1800 JavaThread "C2 CompilerThread1" daemon [_thread_blocked, id=11617, stack(0x00007f502e5bf000,0x00007f502e6bf000)]
  0x00007f50540bf000 JavaThread "C2 CompilerThread0" daemon [_thread_blocked, id=11616, stack(0x00007f502e6c0000,0x00007f502e7c0000)]
  0x00007f50540bd800 JavaThread "Signal Dispatcher" daemon [_thread_blocked, id=11615, stack(0x00007f502e7c0000,0x00007f502e8c1000)]
  0x00007f505408a000 JavaThread "Finalizer" daemon [_thread_blocked, id=11614, stack(0x00007f502f290000,0x00007f502f391000)]
  0x00007f5054087800 JavaThread "Reference Handler" daemon [_thread_blocked, id=11613, stack(0x00007f502f391000,0x00007f502f492000)]
=>0x00007f505400f800 JavaThread "main" [_thread_in_native, id=11605, stack(0x00007f505cbf5000,0x00007f505ccf5000)]

Other Threads:
  0x00007f505407e000 VMThread [stack: 0x00007f502f493000,0x00007f502f593000] [id=11612]
  0x00007f50540d9800 WatcherThread [stack: 0x00007f502e2bc000,0x00007f502e3bc000] [id=11620]

VM state:not at safepoint (normal execution)

VM Mutex/Monitor currently owned by a thread: None

heap address: 0x00000005cb600000, size: 8010 MB, Compressed Oops mode: Zero based, Oop shift amount: 3
Narrow klass base: 0x0000000000000000, Narrow klass shift: 3
Compressed class space size: 1073741824 Address: 0x00000007c0000000

Heap:
 PSYoungGen      total 150016K, used 5160K [0x0000000719200000, 0x0000000723900000, 0x00000007c0000000)
  eden space 129024K, 4% used [0x0000000719200000,0x000000071970a3f8,0x0000000721000000)
  from space 20992K, 0% used [0x0000000722480000,0x0000000722480000,0x0000000723900000)
  to   space 20992K, 0% used [0x0000000721000000,0x0000000721000000,0x0000000722480000)
 ParOldGen       total 343040K, used 0K [0x00000005cb600000, 0x00000005e0500000, 0x0000000719200000)
  object space 343040K, 0% used [0x00000005cb600000,0x00000005cb600000,0x00000005e0500000)
 Metaspace       used 3310K, capacity 4972K, committed 5120K, reserved 1056768K
  class space    used 318K, capacity 424K, committed 512K, reserved 1048576K

Card table byte_map: [0x00007f5058935000,0x00007f50598db000] byte_map_base: 0x00007f5055ada000

Marking Bits: (ParMarkBitMap*) 0x00007f505c0a8d80
 Begin Bits: [0x00007f5034b42000, 0x00007f503c86a000)
 End Bits:   [0x00007f503c86a000, 0x00007f5044592000)

Polling page: 0x00007f505cd18000

CodeCache: size=245760Kb used=1302Kb max_used=1302Kb free=244457Kb
 bounds [0x00007f5045000000, 0x00007f5045270000, 0x00007f5054000000]
 total_blobs=373 nmethods=95 adapters=192
 compilation: enabled

Compilation events (10 events):
Event: 12.555 Thread 0x00007f50540c3800 nmethod 88 0x00007f5045142890 code [0x00007f5045142a00, 0x00007f5045142c08]
Event: 12.555 Thread 0x00007f50540c3800   89       3       java.util.BitSet::get (69 bytes)
Event: 12.556 Thread 0x00007f50540c3800 nmethod 89 0x00007f5045142cd0 code [0x00007f5045142ee0, 0x00007f5045143868]
Event: 12.556 Thread 0x00007f50540c3800   90       3       java.lang.StringBuilder::<init> (7 bytes)
Event: 12.556 Thread 0x00007f50540c3800 nmethod 90 0x00007f5045143d10 code [0x00007f5045143e80, 0x00007f5045144130]
Event: 12.556 Thread 0x00007f50540c3800   91       1       sun.misc.URLClassPath$Loader::getBaseURL (5 bytes)
Event: 12.556 Thread 0x00007f50540c3800 nmethod 91 0x00007f5045144250 code [0x00007f50451443a0, 0x00007f50451444b0]
Event: 12.557 Thread 0x00007f50540c3800   93       3       java.lang.String::indexOf (70 bytes)
Event: 12.558 Thread 0x00007f50540c3800 nmethod 93 0x00007f5045144710 code [0x00007f50451448a0, 0x00007f5045144c28]
Event: 12.558 Thread 0x00007f50540c3800   94       3       java.lang.String::replace (127 bytes)

GC Heap History (0 events):
No events

Deoptimization events (1 events):
Event: 12.557 Thread 0x00007f505400f800 Uncommon trap: reason=unstable_if action=reinterpret pc=0x00007f504513da44 method=java.lang.String.indexOf(II)I @ 49

Classes redefined (0 events):
No events

Internal exceptions (2 events):
Event: 0.026 Thread 0x00007f505400f800 Exception <a 'java/lang/NoSuchMethodError': Method sun.misc.Unsafe.defineClass(Ljava/lang/String;[BII)Ljava/lang/Class; name or signature does not match> (0x0000000719207cb0) thrown at [/HUDSON/workspace/8-2-build-linux-amd64/jdk8u201/12317/hotspot/src/sh
Event: 0.026 Thread 0x00007f505400f800 Exception <a 'java/lang/NoSuchMethodError': Method sun.misc.Unsafe.prefetchRead(Ljava/lang/Object;J)V name or signature does not match> (0x0000000719207f98) thrown at [/HUDSON/workspace/8-2-build-linux-amd64/jdk8u201/12317/hotspot/src/share/vm/prims/jni.c

Events (10 events):
Event: 12.557 loading class java/util/ArrayList$SubList$1
Event: 12.557 loading class java/util/ListIterator
Event: 12.557 loading class java/util/ListIterator done
Event: 12.557 loading class java/util/ArrayList$SubList$1 done
Event: 12.557 loading class edu/upc/Jfreeling/ListSentence
Event: 12.557 loading class edu/upc/Jfreeling/ListSentence done
Event: 12.558 loading class edu/upc/Jfreeling/ListSentenceIterator
Event: 12.558 loading class edu/upc/Jfreeling/ListSentenceIterator done
Event: 12.558 loading class edu/upc/Jfreeling/VectorWord
Event: 12.558 loading class edu/upc/Jfreeling/VectorWord done


Dynamic libraries:
00400000-00401000 r-xp 00000000 103:02 5116450                           /usr/lib/jvm/java-8-oracle/bin/java
00600000-00601000 r--p 00000000 103:02 5116450                           /usr/lib/jvm/java-8-oracle/bin/java
00601000-00602000 rw-p 00001000 103:02 5116450                           /usr/lib/jvm/java-8-oracle/bin/java
01421000-01442000 rw-p 00000000 00:00 0                                  [heap]
5cb600000-5e0500000 rw-p 00000000 00:00 0 
5e0500000-719200000 ---p 00000000 00:00 0 
719200000-723900000 rw-p 00000000 00:00 0 
723900000-7c0000000 ---p 00000000 00:00 0 
7c0000000-7c0080000 rw-p 00000000 00:00 0 
7c0080000-800000000 ---p 00000000 00:00 0 
7f4fdc000000-7f4fe2b0d000 rw-p 00000000 00:00 0 
7f4fe2b0d000-7f4fe4000000 ---p 00000000 00:00 0 
7f4fe4000000-7f4fec000000 rw-p 00000000 00:00 0 
7f4fec000000-7f4ff4000000 rw-p 00000000 00:00 0 
7f4ff4000000-7f4ff4021000 rw-p 00000000 00:00 0 
7f4ff4021000-7f4ff8000000 ---p 00000000 00:00 0 
7f4ff8000000-7f4ff8021000 rw-p 00000000 00:00 0 
7f4ff8021000-7f4ffc000000 ---p 00000000 00:00 0 
7f4ffc000000-7f4ffc021000 rw-p 00000000 00:00 0 
7f4ffc021000-7f5000000000 ---p 00000000 00:00 0 
7f5000000000-7f5000181000 rw-p 00000000 00:00 0 
7f5000181000-7f5004000000 ---p 00000000 00:00 0 
7f5004000000-7f5004021000 rw-p 00000000 00:00 0 
7f5004021000-7f5008000000 ---p 00000000 00:00 0 
7f5008000000-7f5008046000 rw-p 00000000 00:00 0 
7f5008046000-7f500c000000 ---p 00000000 00:00 0 
7f500c000000-7f500c021000 rw-p 00000000 00:00 0 
7f500c021000-7f5010000000 ---p 00000000 00:00 0 
7f5010000000-7f5010021000 rw-p 00000000 00:00 0 
7f5010021000-7f5014000000 ---p 00000000 00:00 0 
7f5014000000-7f5014021000 rw-p 00000000 00:00 0 
7f5014021000-7f5018000000 ---p 00000000 00:00 0 
7f5018000000-7f5018021000 rw-p 00000000 00:00 0 
7f5018021000-7f501c000000 ---p 00000000 00:00 0 
7f501c000000-7f501c021000 rw-p 00000000 00:00 0 
7f501c021000-7f5020000000 ---p 00000000 00:00 0 
7f5022457000-7f5023dff000 r-xp 00000000 103:02 4858140                   /usr/lib/x86_64-linux-gnu/libicudata.so.60.2
7f5023dff000-7f5023ffe000 ---p 019a8000 103:02 4858140                   /usr/lib/x86_64-linux-gnu/libicudata.so.60.2
7f5023ffe000-7f5023fff000 r--p 019a7000 103:02 4858140                   /usr/lib/x86_64-linux-gnu/libicudata.so.60.2
7f5023fff000-7f5024000000 rw-p 019a8000 103:02 4858140                   /usr/lib/x86_64-linux-gnu/libicudata.so.60.2
7f5024000000-7f5024021000 rw-p 00000000 00:00 0 
7f5024021000-7f5028000000 ---p 00000000 00:00 0 
7f5028310000-7f50285a5000 rw-p 00000000 00:00 0 
7f50285a5000-7f50285b4000 r--s 00166000 103:02 11811136                  /home/siabar/.m2/repository/org/apache/lucene/lucene-analyzers-common/4.0.0/lucene-analyzers-common-4.0.0.jar
7f50285b4000-7f50285d6000 r--s 001d0000 103:02 925429                    /home/siabar/.m2/repository/org/apache/lucene/lucene-core/4.0.0/lucene-core-4.0.0.jar
7f50285d6000-7f5029097000 rw-p 00000000 00:00 0 
7f5029097000-7f502923a000 r-xp 00000000 103:02 4858150                   /usr/lib/x86_64-linux-gnu/libicuuc.so.60.2
7f502923a000-7f5029439000 ---p 001a3000 103:02 4858150                   /usr/lib/x86_64-linux-gnu/libicuuc.so.60.2
7f5029439000-7f502944c000 r--p 001a2000 103:02 4858150                   /usr/lib/x86_64-linux-gnu/libicuuc.so.60.2
7f502944c000-7f502944d000 rw-p 001b5000 103:02 4858150                   /usr/lib/x86_64-linux-gnu/libicuuc.so.60.2
7f502944d000-7f502944e000 rw-p 00000000 00:00 0 
7f502944e000-7f50296e0000 r-xp 00000000 103:02 4858142                   /usr/lib/x86_64-linux-gnu/libicui18n.so.60.2
7f50296e0000-7f50298df000 ---p 00292000 103:02 4858142                   /usr/lib/x86_64-linux-gnu/libicui18n.so.60.2
7f50298df000-7f50298ee000 r--p 00291000 103:02 4858142                   /usr/lib/x86_64-linux-gnu/libicui18n.so.60.2
7f50298ee000-7f50298ef000 rw-p 002a0000 103:02 4858142                   /usr/lib/x86_64-linux-gnu/libicui18n.so.60.2
7f50298ef000-7f502990b000 r-xp 00000000 103:02 2102151                   /lib/x86_64-linux-gnu/libz.so.1.2.11
7f502990b000-7f5029b0a000 ---p 0001c000 103:02 2102151                   /lib/x86_64-linux-gnu/libz.so.1.2.11
7f5029b0a000-7f5029b0b000 r--p 0001b000 103:02 2102151                   /lib/x86_64-linux-gnu/libz.so.1.2.11
7f5029b0b000-7f5029b0c000 rw-p 0001c000 103:02 2102151                   /lib/x86_64-linux-gnu/libz.so.1.2.11
7f5029b0c000-7f5029c0f000 r-xp 00000000 103:02 4868286                   /usr/lib/x86_64-linux-gnu/libboost_regex.so.1.65.1
7f5029c0f000-7f5029e0e000 ---p 00103000 103:02 4868286                   /usr/lib/x86_64-linux-gnu/libboost_regex.so.1.65.1
7f5029e0e000-7f5029e13000 r--p 00102000 103:02 4868286                   /usr/lib/x86_64-linux-gnu/libboost_regex.so.1.65.1
7f5029e13000-7f5029e14000 rw-p 00107000 103:02 4868286                   /usr/lib/x86_64-linux-gnu/libboost_regex.so.1.65.1
7f5029e14000-7f5029f1c000 r-xp 00000000 103:02 5247866                   /usr/local/lib/libtreeler.so
7f5029f1c000-7f502a11c000 ---p 00108000 103:02 5247866                   /usr/local/lib/libtreeler.so
7f502a11c000-7f502a11d000 r--p 00108000 103:02 5247866                   /usr/local/lib/libtreeler.so
7f502a11d000-7f502a124000 rw-p 00109000 103:02 5247866                   /usr/local/lib/libtreeler.so
7f502a124000-7f502a180000 r-xp 00000000 103:02 5247839                   /usr/local/lib/libfoma.so
7f502a180000-7f502a37f000 ---p 0005c000 103:02 5247839                   /usr/local/lib/libfoma.so
7f502a37f000-7f502a380000 r--p 0005b000 103:02 5247839                   /usr/local/lib/libfoma.so
7f502a380000-7f502a381000 rw-p 0005c000 103:02 5247839                   /usr/local/lib/libfoma.so
7f502a381000-7f502cb42000 rw-p 00000000 00:00 0 
7f502cb4d000-7f502cb56000 r--s 00055000 103:02 11285498                  /home/siabar/.m2/repository/org/apache/lucene/lucene-queryparser/4.0.0/lucene-queryparser-4.0.0.jar
7f502cb56000-7f502cb6f000 r--s 00135000 103:02 10884334                  /home/siabar/.m2/repository/xerces/xercesImpl/2.11.0/xercesImpl-2.11.0.jar
7f502cb6f000-7f502cb88000 r-xp 00000000 103:02 4857667                   /usr/lib/x86_64-linux-gnu/libboost_filesystem.so.1.65.1
7f502cb88000-7f502cd87000 ---p 00019000 103:02 4857667                   /usr/lib/x86_64-linux-gnu/libboost_filesystem.so.1.65.1
7f502cd87000-7f502cd88000 r--p 00018000 103:02 4857667                   /usr/lib/x86_64-linux-gnu/libboost_filesystem.so.1.65.1
7f502cd88000-7f502cd89000 rw-p 00019000 103:02 4857667                   /usr/lib/x86_64-linux-gnu/libboost_filesystem.so.1.65.1
7f502cd89000-7f502cda0000 r-xp 00000000 103:02 2097239                   /lib/x86_64-linux-gnu/libgcc_s.so.1
7f502cda0000-7f502cf9f000 ---p 00017000 103:02 2097239                   /lib/x86_64-linux-gnu/libgcc_s.so.1
7f502cf9f000-7f502cfa0000 r--p 00016000 103:02 2097239                   /lib/x86_64-linux-gnu/libgcc_s.so.1
7f502cfa0000-7f502cfa1000 rw-p 00017000 103:02 2097239                   /lib/x86_64-linux-gnu/libgcc_s.so.1
7f502cfa1000-7f502d11a000 r-xp 00000000 103:02 4854005                   /usr/lib/x86_64-linux-gnu/libstdc++.so.6.0.25
7f502d11a000-7f502d31a000 ---p 00179000 103:02 4854005                   /usr/lib/x86_64-linux-gnu/libstdc++.so.6.0.25
7f502d31a000-7f502d324000 r--p 00179000 103:02 4854005                   /usr/lib/x86_64-linux-gnu/libstdc++.so.6.0.25
7f502d324000-7f502d326000 rw-p 00183000 103:02 4854005                   /usr/lib/x86_64-linux-gnu/libstdc++.so.6.0.25
7f502d326000-7f502d32a000 rw-p 00000000 00:00 0 
7f502d32a000-7f502d32e000 r-xp 00000000 103:02 4857670                   /usr/lib/x86_64-linux-gnu/libboost_system.so.1.65.1
7f502d32e000-7f502d52d000 ---p 00004000 103:02 4857670                   /usr/lib/x86_64-linux-gnu/libboost_system.so.1.65.1
7f502d52d000-7f502d52e000 r--p 00003000 103:02 4857670                   /usr/lib/x86_64-linux-gnu/libboost_system.so.1.65.1
7f502d52e000-7f502d52f000 rw-p 00004000 103:02 4857670                   /usr/lib/x86_64-linux-gnu/libboost_system.so.1.65.1
7f502d532000-7f502d536000 r--s 00027000 103:02 10619950                  /home/siabar/.m2/repository/commons-io/commons-io/2.2/commons-io-2.2.jar
7f502d536000-7f502d54f000 r--s 000fe000 103:02 9216276                   /home/siabar/.m2/repository/org/springframework/spring-context/4.3.12.RELEASE/spring-context-4.3.12.RELEASE.jar
7f502d54f000-7f502dcf7000 r-xp 00000000 103:02 5247872                   /usr/local/lib/libfreeling.so
7f502dcf7000-7f502def7000 ---p 007a8000 103:02 5247872                   /usr/local/lib/libfreeling.so
7f502def7000-7f502defc000 r--p 007a8000 103:02 5247872                   /usr/local/lib/libfreeling.so
7f502defc000-7f502df20000 rw-p 007ad000 103:02 5247872                   /usr/local/lib/libfreeling.so
7f502df20000-7f502df24000 rw-p 00000000 00:00 0 
7f502df24000-7f502e0b3000 r-xp 00000000 103:02 786454                    /usr/local/share/freeling/APIs/java/libJfreeling.so
7f502e0b3000-7f502e2b2000 ---p 0018f000 103:02 786454                    /usr/local/share/freeling/APIs/java/libJfreeling.so
7f502e2b2000-7f502e2b3000 r--p 0018e000 103:02 786454                    /usr/local/share/freeling/APIs/java/libJfreeling.so
7f502e2b3000-7f502e2bb000 rw-p 0018f000 103:02 786454                    /usr/local/share/freeling/APIs/java/libJfreeling.so
7f502e2bb000-7f502e2bc000 ---p 00000000 00:00 0 
7f502e2bc000-7f502e3bc000 rw-p 00000000 00:00 0 
7f502e3bc000-7f502e3bf000 ---p 00000000 00:00 0 
7f502e3bf000-7f502e4bd000 rw-p 00000000 00:00 0 
7f502e4bd000-7f502e4be000 ---p 00000000 00:00 0 
7f502e4be000-7f502e4c1000 ---p 00000000 00:00 0 
7f502e4c1000-7f502e5be000 rw-p 00000000 00:00 0 
7f502e5be000-7f502e5bf000 ---p 00000000 00:00 0 
7f502e5bf000-7f502e5c2000 ---p 00000000 00:00 0 
7f502e5c2000-7f502e6bf000 rw-p 00000000 00:00 0 
7f502e6bf000-7f502e6c0000 ---p 00000000 00:00 0 
7f502e6c0000-7f502e6c3000 ---p 00000000 00:00 0 
7f502e6c3000-7f502e7c0000 rw-p 00000000 00:00 0 
7f502e7c0000-7f502e7c3000 ---p 00000000 00:00 0 
7f502e7c3000-7f502e8c1000 rw-p 00000000 00:00 0 
7f502e8c1000-7f502f290000 r--p 00000000 103:02 4856440                   /usr/lib/locale/locale-archive
7f502f290000-7f502f293000 ---p 00000000 00:00 0 
7f502f293000-7f502f391000 rw-p 00000000 00:00 0 
7f502f391000-7f502f394000 ---p 00000000 00:00 0 
7f502f394000-7f502f492000 rw-p 00000000 00:00 0 
7f502f492000-7f502f493000 ---p 00000000 00:00 0 
7f502f493000-7f5030000000 rw-p 00000000 00:00 0 
7f5030000000-7f5030021000 rw-p 00000000 00:00 0 
7f5030021000-7f5034000000 ---p 00000000 00:00 0 
7f5034000000-7f5034005000 r--s 0002b000 103:02 15211447                  /home/siabar/.m2/repository/org/apache/lucene/lucene-queries/4.0.0/lucene-queries-4.0.0.jar
7f5034005000-7f503401e000 r--s 00172000 103:02 8653912                   /home/siabar/.m2/repository/org/apache/uima/uimaj-core/2.10.2/uimaj-core-2.10.2.jar
7f503401e000-7f50347c2000 rw-p 00000000 00:00 0 
7f50347c2000-7f5034b42000 ---p 00000000 00:00 0 
7f5034b42000-7f504463a000 rw-p 00000000 00:00 0 
7f504463a000-7f5045000000 ---p 00000000 00:00 0 
7f5045000000-7f5045270000 rwxp 00000000 00:00 0 
7f5045270000-7f5054000000 ---p 00000000 00:00 0 
7f5054000000-7f5058000000 rw-p 00000000 00:00 0 
7f5058001000-7f5058002000 r--s 00006000 103:02 10618799                  /home/siabar/.m2/repository/jakarta-regexp/jakarta-regexp/1.4/jakarta-regexp-1.4.jar
7f5058002000-7f505800b000 r--s 0002d000 103:02 10884336                  /home/siabar/.m2/repository/xml-apis/xml-apis/1.4.01/xml-apis-1.4.01.jar
7f505800b000-7f5058010000 r--s 00041000 103:02 10881605                  /home/siabar/.m2/repository/commons-lang/commons-lang/2.6/commons-lang-2.6.jar
7f5058010000-7f5058014000 r--s 00027000 103:02 9449292                   /home/siabar/.m2/repository/org/apache/uima/uimafit-core/2.4.0/uimafit-core-2.4.0.jar
7f5058014000-7f5058286000 rw-p 00000000 00:00 0 
7f5058286000-7f5058460000 r--s 03d6f000 103:02 6692157                   /usr/lib/jvm/java-8-oracle/jre/lib/rt.jar
7f5058460000-7f5058531000 rw-p 00000000 00:00 0 
7f5058531000-7f5058532000 ---p 00000000 00:00 0 
7f5058532000-7f5058632000 rw-p 00000000 00:00 0 
7f5058632000-7f5058633000 ---p 00000000 00:00 0 
7f5058633000-7f5058733000 rw-p 00000000 00:00 0 
7f5058733000-7f5058734000 ---p 00000000 00:00 0 
7f5058734000-7f5058834000 rw-p 00000000 00:00 0 
7f5058834000-7f5058835000 ---p 00000000 00:00 0 
7f5058835000-7f50589dd000 rw-p 00000000 00:00 0 
7f50589dd000-7f50593a3000 ---p 00000000 00:00 0 
7f50593a3000-7f50593f7000 rw-p 00000000 00:00 0 
7f50593f7000-7f50598da000 ---p 00000000 00:00 0 
7f50598da000-7f50598e5000 rw-p 00000000 00:00 0 
7f50598e5000-7f5059c9b000 ---p 00000000 00:00 0 
7f5059c9b000-7f5059cb6000 r-xp 00000000 103:02 7605255                   /usr/lib/jvm/java-8-oracle/jre/lib/amd64/libzip.so
7f5059cb6000-7f5059eb5000 ---p 0001b000 103:02 7605255                   /usr/lib/jvm/java-8-oracle/jre/lib/amd64/libzip.so
7f5059eb5000-7f5059eb6000 r--p 0001a000 103:02 7605255                   /usr/lib/jvm/java-8-oracle/jre/lib/amd64/libzip.so
7f5059eb6000-7f5059eb7000 rw-p 0001b000 103:02 7605255                   /usr/lib/jvm/java-8-oracle/jre/lib/amd64/libzip.so
7f5059eb7000-7f5059ec2000 r-xp 00000000 103:02 2102069                   /lib/x86_64-linux-gnu/libnss_files-2.27.so
7f5059ec2000-7f505a0c1000 ---p 0000b000 103:02 2102069                   /lib/x86_64-linux-gnu/libnss_files-2.27.so
7f505a0c1000-7f505a0c2000 r--p 0000a000 103:02 2102069                   /lib/x86_64-linux-gnu/libnss_files-2.27.so
7f505a0c2000-7f505a0c3000 rw-p 0000b000 103:02 2102069                   /lib/x86_64-linux-gnu/libnss_files-2.27.so
7f505a0c3000-7f505a0c9000 rw-p 00000000 00:00 0 
7f505a0c9000-7f505a0e0000 r-xp 00000000 103:02 2102063                   /lib/x86_64-linux-gnu/libnsl-2.27.so
7f505a0e0000-7f505a2df000 ---p 00017000 103:02 2102063                   /lib/x86_64-linux-gnu/libnsl-2.27.so
7f505a2df000-7f505a2e0000 r--p 00016000 103:02 2102063                   /lib/x86_64-linux-gnu/libnsl-2.27.so
7f505a2e0000-7f505a2e1000 rw-p 00017000 103:02 2102063                   /lib/x86_64-linux-gnu/libnsl-2.27.so
7f505a2e1000-7f505a2e3000 rw-p 00000000 00:00 0 
7f505a2e3000-7f505a2ee000 r-xp 00000000 103:02 2102080                   /lib/x86_64-linux-gnu/libnss_nis-2.27.so
7f505a2ee000-7f505a4ed000 ---p 0000b000 103:02 2102080                   /lib/x86_64-linux-gnu/libnss_nis-2.27.so
7f505a4ed000-7f505a4ee000 r--p 0000a000 103:02 2102080                   /lib/x86_64-linux-gnu/libnss_nis-2.27.so
7f505a4ee000-7f505a4ef000 rw-p 0000b000 103:02 2102080                   /lib/x86_64-linux-gnu/libnss_nis-2.27.so
7f505a4ef000-7f505a4f7000 r-xp 00000000 103:02 2102065                   /lib/x86_64-linux-gnu/libnss_compat-2.27.so
7f505a4f7000-7f505a6f7000 ---p 00008000 103:02 2102065                   /lib/x86_64-linux-gnu/libnss_compat-2.27.so
7f505a6f7000-7f505a6f8000 r--p 00008000 103:02 2102065                   /lib/x86_64-linux-gnu/libnss_compat-2.27.so
7f505a6f8000-7f505a6f9000 rw-p 00009000 103:02 2102065                   /lib/x86_64-linux-gnu/libnss_compat-2.27.so
7f505a6f9000-7f505a725000 r-xp 00000000 103:02 7605249                   /usr/lib/jvm/java-8-oracle/jre/lib/amd64/libjava.so
7f505a725000-7f505a925000 ---p 0002c000 103:02 7605249                   /usr/lib/jvm/java-8-oracle/jre/lib/amd64/libjava.so
7f505a925000-7f505a926000 r--p 0002c000 103:02 7605249                   /usr/lib/jvm/java-8-oracle/jre/lib/amd64/libjava.so
7f505a926000-7f505a928000 rw-p 0002d000 103:02 7605249                   /usr/lib/jvm/java-8-oracle/jre/lib/amd64/libjava.so
7f505a928000-7f505a935000 r-xp 00000000 103:02 7605254                   /usr/lib/jvm/java-8-oracle/jre/lib/amd64/libverify.so
7f505a935000-7f505ab34000 ---p 0000d000 103:02 7605254                   /usr/lib/jvm/java-8-oracle/jre/lib/amd64/libverify.so
7f505ab34000-7f505ab36000 r--p 0000c000 103:02 7605254                   /usr/lib/jvm/java-8-oracle/jre/lib/amd64/libverify.so
7f505ab36000-7f505ab37000 rw-p 0000e000 103:02 7605254                   /usr/lib/jvm/java-8-oracle/jre/lib/amd64/libverify.so
7f505ab37000-7f505ab3e000 r-xp 00000000 103:02 2102120                   /lib/x86_64-linux-gnu/librt-2.27.so
7f505ab3e000-7f505ad3d000 ---p 00007000 103:02 2102120                   /lib/x86_64-linux-gnu/librt-2.27.so
7f505ad3d000-7f505ad3e000 r--p 00006000 103:02 2102120                   /lib/x86_64-linux-gnu/librt-2.27.so
7f505ad3e000-7f505ad3f000 rw-p 00007000 103:02 2102120                   /lib/x86_64-linux-gnu/librt-2.27.so
7f505ad3f000-7f505aedc000 r-xp 00000000 103:02 2102042                   /lib/x86_64-linux-gnu/libm-2.27.so
7f505aedc000-7f505b0db000 ---p 0019d000 103:02 2102042                   /lib/x86_64-linux-gnu/libm-2.27.so
7f505b0db000-7f505b0dc000 r--p 0019c000 103:02 2102042                   /lib/x86_64-linux-gnu/libm-2.27.so
7f505b0dc000-7f505b0dd000 rw-p 0019d000 103:02 2102042                   /lib/x86_64-linux-gnu/libm-2.27.so
7f505b0dd000-7f505bdc5000 r-xp 00000000 103:02 7605231                   /usr/lib/jvm/java-8-oracle/jre/lib/amd64/server/libjvm.so
7f505bdc5000-7f505bfc4000 ---p 00ce8000 103:02 7605231                   /usr/lib/jvm/java-8-oracle/jre/lib/amd64/server/libjvm.so
7f505bfc4000-7f505c05a000 r--p 00ce7000 103:02 7605231                   /usr/lib/jvm/java-8-oracle/jre/lib/amd64/server/libjvm.so
7f505c05a000-7f505c08b000 rw-p 00d7d000 103:02 7605231                   /usr/lib/jvm/java-8-oracle/jre/lib/amd64/server/libjvm.so
7f505c08b000-7f505c0c6000 rw-p 00000000 00:00 0 
7f505c0c6000-7f505c2ad000 r-xp 00000000 103:02 2101979                   /lib/x86_64-linux-gnu/libc-2.27.so
7f505c2ad000-7f505c4ad000 ---p 001e7000 103:02 2101979                   /lib/x86_64-linux-gnu/libc-2.27.so
7f505c4ad000-7f505c4b1000 r--p 001e7000 103:02 2101979                   /lib/x86_64-linux-gnu/libc-2.27.so
7f505c4b1000-7f505c4b3000 rw-p 001eb000 103:02 2101979                   /lib/x86_64-linux-gnu/libc-2.27.so
7f505c4b3000-7f505c4b7000 rw-p 00000000 00:00 0 
7f505c4b7000-7f505c4ba000 r-xp 00000000 103:02 2102002                   /lib/x86_64-linux-gnu/libdl-2.27.so
7f505c4ba000-7f505c6b9000 ---p 00003000 103:02 2102002                   /lib/x86_64-linux-gnu/libdl-2.27.so
7f505c6b9000-7f505c6ba000 r--p 00002000 103:02 2102002                   /lib/x86_64-linux-gnu/libdl-2.27.so
7f505c6ba000-7f505c6bb000 rw-p 00003000 103:02 2102002                   /lib/x86_64-linux-gnu/libdl-2.27.so
7f505c6bb000-7f505c6d2000 r-xp 00000000 103:02 6563461                   /usr/lib/jvm/java-8-oracle/lib/amd64/jli/libjli.so
7f505c6d2000-7f505c8d1000 ---p 00017000 103:02 6563461                   /usr/lib/jvm/java-8-oracle/lib/amd64/jli/libjli.so
7f505c8d1000-7f505c8d2000 r--p 00016000 103:02 6563461                   /usr/lib/jvm/java-8-oracle/lib/amd64/jli/libjli.so
7f505c8d2000-7f505c8d3000 rw-p 00017000 103:02 6563461                   /usr/lib/jvm/java-8-oracle/lib/amd64/jli/libjli.so
7f505c8d3000-7f505c8ed000 r-xp 00000000 103:02 2102112                   /lib/x86_64-linux-gnu/libpthread-2.27.so
7f505c8ed000-7f505caec000 ---p 0001a000 103:02 2102112                   /lib/x86_64-linux-gnu/libpthread-2.27.so
7f505caec000-7f505caed000 r--p 00019000 103:02 2102112                   /lib/x86_64-linux-gnu/libpthread-2.27.so
7f505caed000-7f505caee000 rw-p 0001a000 103:02 2102112                   /lib/x86_64-linux-gnu/libpthread-2.27.so
7f505caee000-7f505caf2000 rw-p 00000000 00:00 0 
7f505caf2000-7f505cb19000 r-xp 00000000 103:02 2101951                   /lib/x86_64-linux-gnu/ld-2.27.so
7f505cb19000-7f505cb1b000 r--s 0000a000 103:02 11548282                  /home/siabar/.m2/repository/org/apache/lucene/lucene-sandbox/4.0.0/lucene-sandbox-4.0.0.jar
7f505cb1b000-7f505cb1c000 r--s 0000a000 103:02 10618457                  /home/siabar/.m2/repository/commons-logging/commons-logging-api/1.1/commons-logging-api-1.1.jar
7f505cb1c000-7f505cb2a000 r--s 000ad000 103:02 9319042                   /home/siabar/.m2/repository/org/springframework/spring-beans/4.3.12.RELEASE/spring-beans-4.3.12.RELEASE.jar
7f505cb2a000-7f505cb2f000 r--s 0003c000 103:02 9449290                   /home/siabar/.m2/repository/org/springframework/spring-expression/4.3.12.RELEASE/spring-expression-4.3.12.RELEASE.jar
7f505cb2f000-7f505cbf4000 rw-p 00000000 00:00 0 
7f505cbf4000-7f505cbf5000 ---p 00000000 00:00 0 
7f505cbf5000-7f505cbf8000 ---p 00000000 00:00 0 
7f505cbf8000-7f505ccf9000 rw-p 00000000 00:00 0 
7f505ccf9000-7f505ccfb000 r--s 0000d000 103:02 7869569                   /home/siabar/.m2/repository/tw/edu/ntu/csie/libsvm/3.1/libsvm-3.1.jar
7f505ccfb000-7f505cd04000 r--s 00054000 103:02 9216274                   /home/siabar/.m2/repository/org/springframework/spring-aop/4.3.12.RELEASE/spring-aop-4.3.12.RELEASE.jar
7f505cd04000-7f505cd0b000 r--s 00000000 103:02 5114702                   /usr/lib/x86_64-linux-gnu/gconv/gconv-modules.cache
7f505cd0b000-7f505cd0f000 r--s 00026000 103:02 786455                    /usr/local/share/freeling/APIs/java/Jfreeling.jar
7f505cd0f000-7f505cd17000 rw-s 00000000 103:02 10360482                  /tmp/hsperfdata_siabar/11600
7f505cd17000-7f505cd18000 rw-p 00000000 00:00 0 
7f505cd18000-7f505cd19000 r--p 00000000 00:00 0 
7f505cd19000-7f505cd1a000 r--p 00027000 103:02 2101951                   /lib/x86_64-linux-gnu/ld-2.27.so
7f505cd1a000-7f505cd1b000 rw-p 00028000 103:02 2101951                   /lib/x86_64-linux-gnu/ld-2.27.so
7f505cd1b000-7f505cd1c000 rw-p 00000000 00:00 0 
7ffd93f61000-7ffd93f87000 rw-p 00000000 00:00 0                          [stack]
7ffd93f9d000-7ffd93fa0000 r--p 00000000 00:00 0                          [vvar]
7ffd93fa0000-7ffd93fa1000 r-xp 00000000 00:00 0                          [vdso]
ffffffffff600000-ffffffffff601000 r-xp 00000000 00:00 0                  [vsyscall]

VM Arguments:
jvm_args: -Djava.library.path=/usr/local/share/freeling/APIs/java -Dfile.encoding=UTF-8 
java_command: edu.upf.taln.uima.freeling.Analyzer /home/siabar/Desktop/cTakes_results/input/825698025.txt
java_class_path (initial): /home/siabar/eclipse-workspace/OpenMinted_Freeling/target/classes:/usr/local/share/freeling/APIs/java/Jfreeling.jar:/home/siabar/eclipse-workspace/ctakes/ctakes-type-system/target/classes:/home/siabar/.m2/repository/org/apache/uima/uimaj-core/2.10.2/uimaj-core-2.10.2.jar:/home/siabar/.m2/repository/org/springframework/spring-context/4.3.12.RELEASE/spring-context-4.3.12.RELEASE.jar:/home/siabar/.m2/repository/org/springframework/spring-aop/4.3.12.RELEASE/spring-aop-4.3.12.RELEASE.jar:/home/siabar/.m2/repository/org/springframework/spring-expression/4.3.12.RELEASE/spring-expression-4.3.12.RELEASE.jar:/home/siabar/.m2/repository/org/springframework/spring-beans/4.3.12.RELEASE/spring-beans-4.3.12.RELEASE.jar:/home/siabar/.m2/repository/tw/edu/ntu/csie/libsvm/3.1/libsvm-3.1.jar:/home/siabar/.m2/repository/org/apache/uima/uimafit-core/2.4.0/uimafit-core-2.4.0.jar:/home/siabar/.m2/repository/commons-lang/commons-lang/2.6/commons-lang-2.6.jar:/home/siabar/.m2/repository/commons-logging/commons-logging-api/1.1/commons-logging-api-1.1.jar:/home/siabar/eclipse-workspace/ctakes/ctakes-core/target/classes:/home/siabar/eclipse-workspace/ctakes/ctakes-core-res/target/classes:/home/siabar/.m2/repository/xerces/xercesImpl/2.11.0/xercesImpl-2.11.0.jar:/home/siabar/.m2/repository/xml-apis/xml-apis/1.4.01/xml-apis-1.4.01.jar:/home/siabar/eclipse-workspace/ctakes/ctakes-utils/target/classes:/home/siabar/.m2/repository/org/apache/lucene/lucene-core/4.0.0/lucene-core-4.0.0.jar:/home/siabar/.m2/repository/org/apache/lucene/lucene-queries/4.0.0/lucene-queries-4.0.0.jar:/home/siabar/.m2/repository/org/apache/lucene/lucene-queryparser/4.0.0/lucene-queryparser-4.0.0.jar:/home/siabar/.m2/repository/org/apache/lucene/lucene-sandbox/4.0.0/lucene-sandbox-4.0.0.jar:/home/siabar/.m2/repository/jakarta-regexp/jakarta-regexp/1.4/jakarta-regexp-1.4.jar:/home/siabar/.m2/repository/org/apache/lucene/lucene-analyzers-common/4.0.0/lucene-analyzers-common-4.0.0.jar:/home/siabar/
Launcher Type: SUN_STANDARD

Environment Variables:
JAVA_HOME=/usr/lib/jvm/java-8-oracle
USERNAME=siabar
SHELL=/bin/bash
DISPLAY=:1

Signal Handlers:
SIGSEGV: [libjvm.so+0xad3e60], sa_mask[0]=11111111011111111101111111111110, sa_flags=SA_RESTART|SA_SIGINFO
SIGBUS: [libjvm.so+0xad3e60], sa_mask[0]=11111111011111111101111111111110, sa_flags=SA_RESTART|SA_SIGINFO
SIGFPE: [libjvm.so+0x90b880], sa_mask[0]=11111111011111111101111111111110, sa_flags=SA_RESTART|SA_SIGINFO
SIGPIPE: [libjvm.so+0x90b880], sa_mask[0]=11111111011111111101111111111110, sa_flags=SA_RESTART|SA_SIGINFO
SIGXFSZ: [libjvm.so+0x90b880], sa_mask[0]=11111111011111111101111111111110, sa_flags=SA_RESTART|SA_SIGINFO
SIGILL: [libjvm.so+0x90b880], sa_mask[0]=11111111011111111101111111111110, sa_flags=SA_RESTART|SA_SIGINFO
SIGUSR1: SIG_DFL, sa_mask[0]=00000000000000000000000000000000, sa_flags=none
SIGUSR2: [libjvm.so+0x90b750], sa_mask[0]=00100000000000000000000000000000, sa_flags=SA_RESTART|SA_SIGINFO
SIGHUP: [libjvm.so+0x90bd70], sa_mask[0]=11111111011111111101111111111110, sa_flags=SA_RESTART|SA_SIGINFO
SIGINT: [libjvm.so+0x90bd70], sa_mask[0]=11111111011111111101111111111110, sa_flags=SA_RESTART|SA_SIGINFO
SIGTERM: [libjvm.so+0x90bd70], sa_mask[0]=11111111011111111101111111111110, sa_flags=SA_RESTART|SA_SIGINFO
SIGQUIT: [libjvm.so+0x90bd70], sa_mask[0]=11111111011111111101111111111110, sa_flags=SA_RESTART|SA_SIGINFO


---------------  S Y S T E M  ---------------

OS:DISTRIB_ID=Ubuntu
DISTRIB_RELEASE=18.04
DISTRIB_CODENAME=bionic
DISTRIB_DESCRIPTION="Ubuntu 18.04.3 LTS"

uname:Linux 5.0.0-29-generic #31~18.04.1-Ubuntu SMP Thu Sep 12 18:29:21 UTC 2019 x86_64
libc:glibc 2.27 NPTL 2.27 
rlimit: STACK 8192k, CORE 0k, NPROC 127966, NOFILE 1048576, AS infinity
load average:0.97 1.18 0.96

/proc/meminfo:
MemTotal:       32807196 kB
MemFree:        20588388 kB
MemAvailable:   24870684 kB
Buffers:          574820 kB
Cached:          4060252 kB
SwapCached:            0 kB
Active:          8022536 kB
Inactive:        3213092 kB
Active(anon):    6605036 kB
Inactive(anon):   268120 kB
Active(file):    1417500 kB
Inactive(file):  2944972 kB
Unevictable:          96 kB
Mlocked:              96 kB
SwapTotal:       2097148 kB
SwapFree:        2097148 kB
Dirty:               132 kB
Writeback:             0 kB
AnonPages:       6600768 kB
Mapped:           843928 kB
Shmem:            278464 kB
KReclaimable:     389848 kB
Slab:             545372 kB
SReclaimable:     389848 kB
SUnreclaim:       155524 kB
KernelStack:       22096 kB
PageTables:       128112 kB
NFS_Unstable:          0 kB
Bounce:                0 kB
WritebackTmp:          0 kB
CommitLimit:    18500744 kB
Committed_AS:   19888860 kB
VmallocTotal:   34359738367 kB
VmallocUsed:           0 kB
VmallocChunk:          0 kB
Percpu:             2544 kB
HardwareCorrupted:     0 kB
AnonHugePages:         0 kB
ShmemHugePages:        0 kB
ShmemPmdMapped:        0 kB
CmaTotal:              0 kB
CmaFree:               0 kB
HugePages_Total:       0
HugePages_Free:        0
HugePages_Rsvd:        0
HugePages_Surp:        0
Hugepagesize:       2048 kB
Hugetlb:               0 kB
DirectMap4k:      565832 kB
DirectMap2M:    13983744 kB
DirectMap1G:    18874368 kB

container (cgroup) information:
container_type: cgroupv1
cpu_cpuset_cpus: 0-3
cpu_memory_nodes: 0
active_processor_count: 4
cpu_quota: -1
cpu_period: 100000
cpu_shares: -1
memory_limit_in_bytes: -1
memory_and_swap_limit_in_bytes: -2
memory_soft_limit_in_bytes: -1
memory_usage_in_bytes: 10132058112
memory_max_usage_in_bytes: 10153832448


CPU:total 4 (initial active 4) (4 cores per cpu, 1 threads per core) family 6 model 158 stepping 10, cmov, cx8, fxsr, mmx, sse, sse2, sse3, ssse3, sse4.1, sse4.2, popcnt, avx, avx2, aes, clmul, erms, rtm, 3dnowpref, lzcnt, tsc, tscinvbit, bmi1, bmi2, adx

/proc/cpuinfo:
processor	: 0
vendor_id	: GenuineIntel
cpu family	: 6
model		: 158
model name	: Intel(R) Xeon(R) E-2124 CPU @ 3.30GHz
stepping	: 10
microcode	: 0xb4
cpu MHz		: 3900.052
cache size	: 8192 KB
physical id	: 0
siblings	: 4
core id		: 0
cpu cores	: 4
apicid		: 0
initial apicid	: 0
fpu		: yes
fpu_exception	: yes
cpuid level	: 22
wp		: yes
flags		: fpu vme de pse tsc msr pae mce cx8 apic sep mtrr pge mca cmov pat pse36 clflush dts acpi mmx fxsr sse sse2 ss ht tm pbe syscall nx pdpe1gb rdtscp lm constant_tsc art arch_perfmon pebs bts rep_good nopl xtopology nonstop_tsc cpuid aperfmperf tsc_known_freq pni pclmulqdq dtes64 monitor ds_cpl vmx smx est tm2 ssse3 sdbg fma cx16 xtpr pdcm pcid sse4_1 sse4_2 x2apic movbe popcnt tsc_deadline_timer aes xsave avx f16c rdrand lahf_lm abm 3dnowprefetch cpuid_fault epb invpcid_single pti ssbd ibrs ibpb stibp tpr_shadow vnmi flexpriority ept vpid ept_ad fsgsbase tsc_adjust bmi1 hle avx2 smep bmi2 erms invpcid rtm mpx rdseed adx smap clflushopt intel_pt xsaveopt xsavec xgetbv1 xsaves dtherm ida arat pln pts hwp hwp_notify hwp_act_window hwp_epp md_clear flush_l1d
bugs		: cpu_meltdown spectre_v1 spectre_v2 spec_store_bypass l1tf mds swapgs
bogomips	: 6624.00
clflush size	: 64
cache_alignment	: 64
address sizes	: 39 bits physical, 48 bits virtual
power management:

processor	: 1
vendor_id	: GenuineIntel
cpu family	: 6
model		: 158
model name	: Intel(R) Xeon(R) E-2124 CPU @ 3.30GHz
stepping	: 10
microcode	: 0xb4
cpu MHz		: 3899.989
cache size	: 8192 KB
physical id	: 0
siblings	: 4
core id		: 1
cpu cores	: 4
apicid		: 2
initial apicid	: 2
fpu		: yes
fpu_exception	: yes
cpuid level	: 22
wp		: yes
flags		: fpu vme de pse tsc msr pae mce cx8 apic sep mtrr pge mca cmov pat pse36 clflush dts acpi mmx fxsr sse sse2 ss ht tm pbe syscall nx pdpe1gb rdtscp lm constant_tsc art arch_perfmon pebs bts rep_good nopl xtopology nonstop_tsc cpuid aperfmperf tsc_known_freq pni pclmulqdq dtes64 monitor ds_cpl vmx smx est tm2 ssse3 sdbg fma cx16 xtpr pdcm pcid sse4_1 sse4_2 x2apic movbe popcnt tsc_deadline_timer aes xsave avx f16c rdrand lahf_lm abm 3dnowprefetch cpuid_fault epb invpcid_single pti ssbd ibrs ibpb stibp tpr_shadow vnmi flexpriority ept vpid ept_ad fsgsbase tsc_adjust bmi1 hle avx2 smep bmi2 erms invpcid rtm mpx rdseed adx smap clflushopt intel_pt xsaveopt xsavec xgetbv1 xsaves dtherm ida arat pln pts hwp hwp_notify hwp_act_window hwp_epp md_clear flush_l1d
bugs		: cpu_meltdown spectre_v1 spectre_v2 spec_store_bypass l1tf mds swapgs
bogomips	: 6624.00
clflush size	: 64
cache_alignment	: 64
address sizes	: 39 bits physical, 48 bits virtual
power management:

processor	: 2
vendor_id	: GenuineIntel
cpu family	: 6
model		: 158
model name	: Intel(R) Xeon(R) E-2124 CPU @ 3.30GHz
stepping	: 10
microcode	: 0xb4
cpu MHz		: 3900.042
cache size	: 8192 KB
physical id	: 0
siblings	: 4
core id		: 2
cpu cores	: 4
apicid		: 4
initial apicid	: 4
fpu		: yes
fpu_exception	: yes
cpuid level	: 22
wp		: yes
flags		: fpu vme de pse tsc msr pae mce cx8 apic sep mtrr pge mca cmov pat pse36 clflush dts acpi mmx fxsr sse sse2 ss ht tm pbe syscall nx pdpe1gb rdtscp lm constant_tsc art arch_perfmon pebs bts rep_good nopl xtopology nonstop_tsc cpuid aperfmperf tsc_known_freq pni pclmulqdq dtes64 monitor ds_cpl vmx smx est tm2 ssse3 sdbg fma cx16 xtpr pdcm pcid sse4_1 sse4_2 x2apic movbe popcnt tsc_deadline_timer aes xsave avx f16c rdrand lahf_lm abm 3dnowprefetch cpuid_fault epb invpcid_single pti ssbd ibrs ibpb stibp tpr_shadow vnmi flexpriority ept vpid ept_ad fsgsbase tsc_adjust bmi1 hle avx2 smep bmi2 erms invpcid rtm mpx rdseed adx smap clflushopt intel_pt xsaveopt xsavec xgetbv1 xsaves dtherm ida arat pln pts hwp hwp_notify hwp_act_window hwp_epp md_clear flush_l1d
bugs		: cpu_meltdown spectre_v1 spectre_v2 spec_store_bypass l1tf mds swapgs
bogomips	: 6624.00
clflush size	: 64
cache_alignment	: 64
address sizes	: 39 bits physical, 48 bits virtual
power management:

processor	: 3
vendor_id	: GenuineIntel
cpu family	: 6
model		: 158
model name	: Intel(R) Xeon(R) E-2124 CPU @ 3.30GHz
stepping	: 10
microcode	: 0xb4
cpu MHz		: 3900.036
cache size	: 8192 KB
physical id	: 0
siblings	: 4
core id		: 3
cpu cores	: 4
apicid		: 6
initial apicid	: 6
fpu		: yes
fpu_exception	: yes
cpuid level	: 22
wp		: yes
flags		: fpu vme de pse tsc msr pae mce cx8 apic sep mtrr pge mca cmov pat pse36 clflush dts acpi mmx fxsr sse sse2 ss ht tm pbe syscall nx pdpe1gb rdtscp lm constant_tsc art arch_perfmon pebs bts rep_good nopl xtopology nonstop_tsc cpuid aperfmperf tsc_known_freq pni pclmulqdq dtes64 monitor ds_cpl vmx smx est tm2 ssse3 sdbg fma cx16 xtpr pdcm pcid sse4_1 sse4_2 x2apic movbe popcnt tsc_deadline_timer aes xsave avx f16c rdrand lahf_lm abm 3dnowprefetch cpuid_fault epb invpcid_single pti ssbd ibrs ibpb stibp tpr_shadow vnmi flexpriority ept vpid ept_ad fsgsbase tsc_adjust bmi1 hle avx2 smep bmi2 erms invpcid rtm mpx rdseed adx smap clflushopt intel_pt xsaveopt xsavec xgetbv1 xsaves dtherm ida arat pln pts hwp hwp_notify hwp_act_window hwp_epp md_clear flush_l1d
bugs		: cpu_meltdown spectre_v1 spectre_v2 spec_store_bypass l1tf mds swapgs
bogomips	: 6624.00
clflush size	: 64
cache_alignment	: 64
address sizes	: 39 bits physical, 48 bits virtual
power management:



Memory: 4k page, physical 32807196k(20588388k free), swap 2097148k(2097148k free)

vm_info: Java HotSpot(TM) 64-Bit Server VM (25.201-b09) for linux-amd64 JRE (1.8.0_201-b09), built on Dec 15 2018 11:35:59 by "java_re" with gcc 7.3.0

time: Fri Sep 27 11:50:01 2019
timezone: CEST
elapsed time: 12 seconds (0d 0h 0m 12s)

